<?xml version="1.0" encoding="UTF-8"?>
<!-- Generated by org.testng.reporters.JUnitXMLReporter -->
<testsuite ignored="0" hostname="HARISH-PC" failures="0" tests="1" name="Test-Runner 2" time="110.311" errors="0" timestamp="2022-11-08T12:15:05 IST">
  <testcase classname="vtiger.ContactsTests.CreateContactWithOrganizationTest" name="createContactWithOrganizationTest" time="83.007"/>
</testsuite> <!-- Test-Runner 2 -->
