<?xml version="1.0" encoding="UTF-8"?>
<!-- Generated by org.testng.reporters.JUnitXMLReporter -->
<testsuite ignored="0" hostname="HARISH-PC" failures="0" tests="4" name="Test-Runner 1" time="132.754" errors="0" timestamp="2022-11-08T12:15:27 IST">
  <testcase classname="vtiger.ContactsTests.CreateContactTest" name="createContactDemoTest" time="0.022"/>
  <testcase classname="vtiger.ContactsTests.CreateContactTest" name="createContactTest" time="41.453"/>
  <testcase classname="vtiger.ContactsTests.CreateContactTest" name="createContactwithLeadSourceAndOrgTest" time="0.002"/>
  <testcase classname="vtiger.ContactsTests.CreateContactTest" name="createContactwithLeadSourceTest" time="0.006"/>
</testsuite> <!-- Test-Runner 1 -->
