<?xml version="1.0" encoding="UTF-8"?>
<!-- Generated by org.testng.reporters.JUnitXMLReporter -->
<testsuite ignored="2" hostname="HARISH-PC" failures="0" tests="5" name="Test-Runner1" time="200.088" errors="0" timestamp="2022-11-11T22:45:17 IST">
  <testcase classname="vtiger.ContactsTests.CreateContactTest" name="createContactDemoTest" time="10.106"/>
  <testcase classname="vtiger.ContactsTests.CreateContactTest" name="createContactTest" time="33.054"/>
  <testcase classname="vtiger.ContactsTests.CreateContactTest" name="createContactwithLeadSourceAndOrgTest" time="10.04"/>
  <testcase classname="vtiger.ContactsTests.CreateContactTest" name="createContactwithLeadSourceTest" time="10.016"/>
  <testcase classname="vtiger.OrganizationsTests.CreateOrganizationsTest" name="createOrganizationsTest" time="33.507"/>
  <testcase classname="vtiger.GenericLibrary.BaseClass" name="@AfterSuite asConfig" time="0.0">
    <ignored/>
  </testcase> <!-- @AfterSuite asConfig -->
  <testcase classname="vtiger.GenericLibrary.BaseClass" name="@BeforeSuite bsConfig" time="0.0">
    <ignored/>
  </testcase> <!-- @BeforeSuite bsConfig -->
</testsuite> <!-- Test-Runner1 -->
