<?xml version="1.0" encoding="UTF-8"?>
<!-- Generated by org.testng.reporters.JUnitXMLReporter -->
<testsuite ignored="5" hostname="HARISH-PC" failures="0" tests="2" name="Test-Runner-Firefox" time="124.404" errors="0" timestamp="2022-11-12T22:51:15 IST">
  <testcase classname="vtiger.ContactsTests.CreateContactTest" name="createContactwithLeadSourceTest" time="10.052"/>
  <testcase classname="vtiger.OrganizationsTests.CreateOrganizationsTest" name="createOrganizationsTest" time="50.757"/>
  <testcase classname="vtiger.GenericLibrary.BaseClass" name="@AfterSuite asConfig" time="0.0">
    <ignored/>
  </testcase> <!-- @AfterSuite asConfig -->
  <testcase classname="vtiger.ContactsTests.CreateContactTest" name="createContactDemoTest" time="0.0">
    <ignored/>
  </testcase> <!-- createContactDemoTest -->
  <testcase classname="vtiger.GenericLibrary.BaseClass" name="@BeforeSuite bsConfig" time="0.0">
    <ignored/>
  </testcase> <!-- @BeforeSuite bsConfig -->
  <testcase classname="vtiger.ContactsTests.CreateContactTest" name="createContactTest" time="0.0">
    <ignored/>
  </testcase> <!-- createContactTest -->
  <testcase classname="vtiger.ContactsTests.CreateContactTest" name="createContactwithLeadSourceAndOrgTest" time="0.0">
    <ignored/>
  </testcase> <!-- createContactwithLeadSourceAndOrgTest -->
</testsuite> <!-- Test-Runner-Firefox -->
