<?xml version="1.0" encoding="UTF-8"?>
<!-- Generated by org.testng.reporters.JUnitReportReporter -->
<testsuite hostname="HARISH-PC" failures="0" tests="3" name="vtiger.Practice.BaseClassPractice" time="0.022" errors="0" timestamp="2022-11-04T11:51:43 IST" skipped="0">
  <testcase classname="vtiger.Practice.BaseClassPractice" name="meth3Config" time="0.003"/>
  <system-out/>
  <testcase classname="vtiger.Practice.BaseClassPractice" name="meth1Config" time="0.015"/>
  <system-out/>
  <testcase classname="vtiger.Practice.BaseClassPractice" name="meth2Config" time="0.004"/>
  <system-out/>
</testsuite> <!-- vtiger.Practice.BaseClassPractice -->
