<?xml version="1.0" encoding="UTF-8"?>
<!-- Generated by org.testng.reporters.JUnitReportReporter -->
<testsuite hostname="HARISH-PC" failures="0" tests="2" name="vtiger.ContactsTests.CreateContactTest" time="49.749" errors="0" timestamp="2022-11-18T10:31:36 IST" skipped="0">
  <testcase classname="vtiger.ContactsTests.CreateContactTest" name="createContactwithLeadSourceTest" time="22.975"/>
  <system-out>
    <![CDATA[Lead source created]]>
  </system-out>
  <testcase classname="vtiger.ContactsTests.CreateContactTest" name="createContactwithLeadSourceAndOrgTest" time="26.774"/>
  <system-out>
    <![CDATA[Lead source with org created]]>
  </system-out>
</testsuite> <!-- vtiger.ContactsTests.CreateContactTest -->
