<?xml version="1.0" encoding="UTF-8"?>
<!-- Generated by org.testng.reporters.JUnitReportReporter -->
<testsuite hostname="HARISH-PC" failures="0" tests="1" name="vtiger.ContactsTests.CreateContactWithOrganizationTest" time="81.372" errors="0" timestamp="2022-11-14T20:50:06 IST" skipped="0">
  <testcase classname="vtiger.ContactsTests.CreateContactWithOrganizationTest" name="createContactWithOrganizationTest" time="81.372"/>
  <system-out>
    <![CDATA[clicked on organization link
clicked on organization lookup image
TYSS446 organization created
[ ACC131 ] TYSS446 - Organization Information
clicked on contacts link
clicked on contacts lookup image
Kosuri298 contact created with TYSS446 organization
[ CON97 ] Kosuri298 - Contact Information]]>
  </system-out>
</testsuite> <!-- vtiger.ContactsTests.CreateContactWithOrganizationTest -->
