<?xml version="1.0" encoding="UTF-8"?>
<!-- Generated by org.testng.reporters.JUnitReportReporter -->
<testsuite hostname="HARISH-PC" failures="0" tests="1" name="vtiger.OrganizationsTests.CreateOrganizationsTest" time="50.004" errors="0" timestamp="2022-11-14T20:50:06 IST" skipped="0">
  <testcase classname="vtiger.OrganizationsTests.CreateOrganizationsTest" name="createOrganizationsTest" time="50.004"/>
  <system-out>
    <![CDATA[clicked on organization link
clicked on organization lookup image
AllStates456 Organization created
[ ACC132 ] AllStates456 - Organization Information]]>
  </system-out>
</testsuite> <!-- vtiger.OrganizationsTests.CreateOrganizationsTest -->
