<?xml version="1.0" encoding="UTF-8"?>
<!-- Generated by org.testng.reporters.JUnitReportReporter -->
<testsuite hostname="HARISH-PC" failures="0" tests="3" name="vtiger.Practice.DataProviderPractice" time="0.029" errors="0" timestamp="2022-11-03T11:32:04 IST" skipped="0">
  <testcase classname="vtiger.Practice.DataProviderPractice" name="addProductToCartTest" time="0.008"/>
  <system-out/>
  <testcase classname="vtiger.Practice.DataProviderPractice" name="addProductToCartTest" time="0.013"/>
  <system-out/>
  <testcase classname="vtiger.Practice.DataProviderPractice" name="addProductToCartTest" time="0.008"/>
  <system-out/>
</testsuite> <!-- vtiger.Practice.DataProviderPractice -->
