<?xml version="1.0" encoding="UTF-8"?>
<!-- Generated by org.testng.reporters.JUnitReportReporter -->
<testsuite hostname="HARISH-PC" failures="0" tests="7" name="vtiger.OrganizationsTests.CreateMultiOrganizationWithHealthcareTest" time="191.684" errors="0" timestamp="2022-11-05T19:46:28 IST" skipped="0">
  <testcase classname="vtiger.OrganizationsTests.CreateMultiOrganizationWithHealthcareTest" name="createMultiOrganizationWithHealthcareTest" time="24.605"/>
  <system-out/>
  <testcase classname="vtiger.OrganizationsTests.CreateMultiOrganizationWithHealthcareTest" name="createMultiOrganizationWithHealthcareTest" time="25.385"/>
  <system-out/>
  <testcase classname="vtiger.OrganizationsTests.CreateMultiOrganizationWithHealthcareTest" name="createMultiOrganizationWithHealthcareTest" time="27.580"/>
  <system-out/>
  <testcase classname="vtiger.OrganizationsTests.CreateMultiOrganizationWithHealthcareTest" name="createMultiOrganizationWithHealthcareTest" time="26.826"/>
  <system-out/>
  <testcase classname="vtiger.OrganizationsTests.CreateMultiOrganizationWithHealthcareTest" name="createMultiOrganizationWithHealthcareTest" time="31.353"/>
  <system-out/>
  <testcase classname="vtiger.OrganizationsTests.CreateMultiOrganizationWithHealthcareTest" name="createMultiOrganizationWithHealthcareTest" time="28.297"/>
  <system-out/>
  <testcase classname="vtiger.OrganizationsTests.CreateMultiOrganizationWithHealthcareTest" name="createMultiOrganizationWithHealthcareTest" time="27.638"/>
  <system-out/>
</testsuite> <!-- vtiger.OrganizationsTests.CreateMultiOrganizationWithHealthcareTest -->
