<?xml version="1.0" encoding="UTF-8"?>
<!-- Generated by org.testng.reporters.JUnitReportReporter -->
<testsuite hostname="HARISH-PC" failures="0" tests="1" name="vtiger.ProductsTests.CreateProductWithVendorTest" time="68.114" errors="0" timestamp="2022-11-18T22:41:11 IST" skipped="0">
  <testcase classname="vtiger.ProductsTests.CreateProductWithVendorTest" name="createProductWithVendorTest" time="68.114"/>
  <system-out>
    <![CDATA[clicked on vendor link
clicked on vendor lookup image
Harsha Complex185 vendor created
[ VEN19 ] Harsha Complex185 - Vendor Information
clicked on oproduct link
clicked on products lookup image
Water Heater352 product created with Harsha Complex185 vendor
[ PRO16 ] Water Heater352 - Product Information]]>
  </system-out>
</testsuite> <!-- vtiger.ProductsTests.CreateProductWithVendorTest -->
