<?xml version="1.0" encoding="UTF-8"?>
<!-- Generated by org.testng.reporters.JUnitReportReporter -->
<testsuite hostname="HARISH-PC" failures="0" tests="1" name="dataBaseConnection.SampleExecuteQuery" time="0.431" errors="0" timestamp="2022-11-26T13:15:05 IST" skipped="0">
  <testcase classname="dataBaseConnection.SampleExecuteQuery" name="sampleExecuteQuery" time="0.431"/>
  <system-out/>
</testsuite> <!-- dataBaseConnection.SampleExecuteQuery -->
