<?xml version="1.0" encoding="UTF-8"?>
<!-- Generated by org.testng.reporters.JUnitReportReporter -->
<testsuite hostname="HARISH-PC" failures="0" tests="1" name="vtiger.Practice.BestByTest" time="53.043" errors="0" timestamp="2022-11-18T21:15:07 IST" skipped="0">
  <testcase classname="vtiger.Practice.BestByTest" name="bestBy" time="53.043"/>
  <system-out/>
</testsuite> <!-- vtiger.Practice.BestByTest -->
