<?xml version="1.0" encoding="UTF-8"?>
<!-- Generated by org.testng.reporters.JUnitReportReporter -->
<testsuite hostname="HARISH-PC" failures="0" tests="1" name="dataBaseConnection.SampleUpdateQuery" time="0.405" errors="0" timestamp="2022-11-26T13:14:54 IST" skipped="0">
  <testcase classname="dataBaseConnection.SampleUpdateQuery" name="sampleUpdateQuery" time="0.405"/>
  <system-out/>
</testsuite> <!-- dataBaseConnection.SampleUpdateQuery -->
