<?xml version="1.0" encoding="UTF-8"?>
<!-- Generated by org.testng.reporters.JUnitReportReporter -->
<testsuite hostname="HARISH-PC" failures="0" tests="1" name="vtiger.Practice.ReadDataFromCMDline" time="0.014" errors="0" timestamp="2022-11-17T23:06:56 IST" skipped="0">
  <testcase classname="vtiger.Practice.ReadDataFromCMDline" name="readData" time="0.014"/>
  <system-out/>
</testsuite> <!-- vtiger.Practice.ReadDataFromCMDline -->
