<?xml version="1.0" encoding="UTF-8"?>
<!-- Generated by org.testng.reporters.JUnitReportReporter -->
<testsuite hostname="HARISH-PC" failures="0" tests="7" name="vtiger.OrganizationsTests.CreateMultipleOrganizationsWithIndustryTest" time="183.928" errors="0" timestamp="2022-11-05T19:05:43 IST" skipped="0">
  <testcase classname="vtiger.OrganizationsTests.CreateMultipleOrganizationsWithIndustryTest" name="createMultipleOrganizationsWithIndustryTest" time="25.273"/>
  <system-out/>
  <testcase classname="vtiger.OrganizationsTests.CreateMultipleOrganizationsWithIndustryTest" name="createMultipleOrganizationsWithIndustryTest" time="25.199"/>
  <system-out/>
  <testcase classname="vtiger.OrganizationsTests.CreateMultipleOrganizationsWithIndustryTest" name="createMultipleOrganizationsWithIndustryTest" time="25.941"/>
  <system-out/>
  <testcase classname="vtiger.OrganizationsTests.CreateMultipleOrganizationsWithIndustryTest" name="createMultipleOrganizationsWithIndustryTest" time="24.577"/>
  <system-out/>
  <testcase classname="vtiger.OrganizationsTests.CreateMultipleOrganizationsWithIndustryTest" name="createMultipleOrganizationsWithIndustryTest" time="27.140"/>
  <system-out/>
  <testcase classname="vtiger.OrganizationsTests.CreateMultipleOrganizationsWithIndustryTest" name="createMultipleOrganizationsWithIndustryTest" time="30.149"/>
  <system-out/>
  <testcase classname="vtiger.OrganizationsTests.CreateMultipleOrganizationsWithIndustryTest" name="createMultipleOrganizationsWithIndustryTest" time="25.649"/>
  <system-out/>
</testsuite> <!-- vtiger.OrganizationsTests.CreateMultipleOrganizationsWithIndustryTest -->
